# JRE version: OpenJDK Runtime Environment (21.0.8) (build 21.0.8+-14018985-b1038.68)
# Java VM: OpenJDK 64-Bit Server VM (21.0.8+-14018985-b1038.68, mixed mode, tiered, compressed oops, compressed class ptrs, g1 gc, windows-amd64)
GC Precious Log:
 CardTable entry size: 512
 Card Set container configuration: InlinePtr #cards 5 size 8 Array Of Cards #cards 12 size 40 Howl #buckets 4 coarsen threshold 1843 Howl Bitmap #cards 512 size 80 coarsen threshold 460 Card regions per heap region 1 cards per card region 2048
 CPUs: 8 total, 8 available
 Memory: 7987M
 Large Page Support: Disabled
 NUMA Support: Disabled
 Compressed Oops: Enabled (32-bit)
 Heap Region Size: 1M
 Heap Min Capacity: 8M
 Heap Initial Capacity: 126M
 Heap Max Capacity: 2G
 Pre-touch: Disabled
 Parallel Workers: 8
 Concurrent Workers: 2
 Concurrent Refinement Workers: 8
 Periodic GC: Disabled
Heap:
 garbage-first heap   total 310272K, used 236331K [0x0000000080000000, 0x0000000100000000)
  region size 1024K, 103 young (105472K), 4 survivors (4096K)
 Metaspace       used 164552K, committed 167168K, reserved 1245184K
  class space    used 21929K, committed 23168K, reserved 1048576K
GC Heap History (20 events):
Event: 7.071 GC heap before
{Heap before GC invocations=24 (full 0):
 garbage-first heap   total 183296K, used 93760K [0x0000000080000000, 0x0000000100000000)
  region size 1024K, 18 young (18432K), 3 survivors (3072K)
 Metaspace       used 90022K, committed 91904K, reserved 1179648K
  class space    used 12849K, committed 13760K, reserved 1048576K
}
Event: 7.077 GC heap after
{Heap after GC invocations=25 (full 0):
 garbage-first heap   total 183296K, used 81816K [0x0000000080000000, 0x0000000100000000)
  region size 1024K, 7 young (7168K), 7 survivors (7168K)
 Metaspace       used 90022K, committed 91904K, reserved 1179648K
  class space    used 12849K, committed 13760K, reserved 1048576K
}
Event: 7.591 GC heap before
{Heap before GC invocations=26 (full 0):
 garbage-first heap   total 183296K, used 157592K [0x0000000080000000, 0x0000000100000000)
  region size 1024K, 71 young (72704K), 7 survivors (7168K)
 Metaspace       used 96425K, committed 98240K, reserved 1179648K
  class space    used 13600K, committed 14464K, reserved 1048576K
}
Event: 7.597 GC heap after
{Heap after GC invocations=27 (full 0):
 garbage-first heap   total 183296K, used 97153K [0x0000000080000000, 0x0000000100000000)
  region size 1024K, 9 young (9216K), 9 survivors (9216K)
 Metaspace       used 96425K, committed 98240K, reserved 1179648K
  class space    used 13600K, committed 14464K, reserved 1048576K
}
Event: 7.974 GC heap before
{Heap before GC invocations=27 (full 0):
 garbage-first heap   total 183296K, used 154497K [0x0000000080000000, 0x0000000100000000)
  region size 1024K, 65 young (66560K), 9 survivors (9216K)
 Metaspace       used 103673K, committed 105856K, reserved 1179648K
  class space    used 14424K, committed 15488K, reserved 1048576K
}
Event: 7.982 GC heap after
{Heap after GC invocations=28 (full 0):
 garbage-first heap   total 183296K, used 100016K [0x0000000080000000, 0x0000000100000000)
  region size 1024K, 4 young (4096K), 4 survivors (4096K)
 Metaspace       used 103673K, committed 105856K, reserved 1179648K
  class space    used 14424K, committed 15488K, reserved 1048576K
}
Event: 8.565 GC heap before
{Heap before GC invocations=28 (full 0):
 garbage-first heap   total 183296K, used 158384K [0x0000000080000000, 0x0000000100000000)
  region size 1024K, 61 young (62464K), 4 survivors (4096K)
 Metaspace       used 111914K, committed 114112K, reserved 1179648K
  class space    used 15502K, committed 16576K, reserved 1048576K
}
Event: 8.570 GC heap after
{Heap after GC invocations=29 (full 0):
 garbage-first heap   total 183296K, used 102551K [0x0000000080000000, 0x0000000100000000)
  region size 1024K, 7 young (7168K), 7 survivors (7168K)
 Metaspace       used 111914K, committed 114112K, reserved 1179648K
  class space    used 15502K, committed 16576K, reserved 1048576K
}
Event: 8.914 GC heap before
{Heap before GC invocations=30 (full 0):
 garbage-first heap   total 183296K, used 161943K [0x0000000080000000, 0x0000000100000000)
  region size 1024K, 64 young (65536K), 7 survivors (7168K)
 Metaspace       used 113521K, committed 115712K, reserved 1179648K
  class space    used 15688K, committed 16768K, reserved 1048576K
}
Event: 8.919 GC heap after
{Heap after GC invocations=31 (full 0):
 garbage-first heap   total 183296K, used 106938K [0x0000000080000000, 0x0000000100000000)
  region size 1024K, 7 young (7168K), 7 survivors (7168K)
 Metaspace       used 113521K, committed 115712K, reserved 1179648K
  class space    used 15688K, committed 16768K, reserved 1048576K
}
Event: 9.395 GC heap before
{Heap before GC invocations=31 (full 0):
 garbage-first heap   total 183296K, used 164282K [0x0000000080000000, 0x0000000100000000)
  region size 1024K, 63 young (64512K), 7 survivors (7168K)
 Metaspace       used 120572K, committed 122752K, reserved 1179648K
  class space    used 16471K, committed 17536K, reserved 1048576K
}
Event: 9.402 GC heap after
{Heap after GC invocations=32 (full 0):
 garbage-first heap   total 305152K, used 110169K [0x0000000080000000, 0x0000000100000000)
  region size 1024K, 5 young (5120K), 5 survivors (5120K)
 Metaspace       used 120572K, committed 122752K, reserved 1179648K
  class space    used 16471K, committed 17536K, reserved 1048576K
}
Event: 11.098 GC heap before
{Heap before GC invocations=32 (full 0):
 garbage-first heap   total 305152K, used 257625K [0x0000000080000000, 0x0000000100000000)
  region size 1024K, 146 young (149504K), 5 survivors (5120K)
 Metaspace       used 138467K, committed 140672K, reserved 1179648K
  class space    used 18395K, committed 19456K, reserved 1048576K
}
Event: 11.103 GC heap after
{Heap after GC invocations=33 (full 0):
 garbage-first heap   total 305152K, used 121965K [0x0000000080000000, 0x0000000100000000)
  region size 1024K, 13 young (13312K), 13 survivors (13312K)
 Metaspace       used 138467K, committed 140672K, reserved 1179648K
  class space    used 18395K, committed 19456K, reserved 1048576K
}
Event: 11.615 GC heap before
{Heap before GC invocations=33 (full 0):
 garbage-first heap   total 305152K, used 163949K [0x0000000080000000, 0x0000000100000000)
  region size 1024K, 55 young (56320K), 13 survivors (13312K)
 Metaspace       used 143607K, committed 145984K, reserved 1179648K
  class space    used 19123K, committed 20288K, reserved 1048576K
}
Event: 11.631 GC heap after
{Heap after GC invocations=34 (full 0):
 garbage-first heap   total 305152K, used 124620K [0x0000000080000000, 0x0000000100000000)
  region size 1024K, 12 young (12288K), 12 survivors (12288K)
 Metaspace       used 143607K, committed 145984K, reserved 1179648K
  class space    used 19123K, committed 20288K, reserved 1048576K
}
Event: 13.258 GC heap before
{Heap before GC invocations=35 (full 0):
 garbage-first heap   total 305152K, used 281292K [0x0000000080000000, 0x0000000100000000)
  region size 1024K, 159 young (162816K), 12 survivors (12288K)
 Metaspace       used 148903K, committed 151296K, reserved 1179648K
  class space    used 19796K, committed 20928K, reserved 1048576K
}
Event: 13.361 GC heap after
{Heap after GC invocations=36 (full 0):
 garbage-first heap   total 310272K, used 142108K [0x0000000080000000, 0x0000000100000000)
  region size 1024K, 19 young (19456K), 19 survivors (19456K)
 Metaspace       used 148903K, committed 151296K, reserved 1179648K
  class space    used 19796K, committed 20928K, reserved 1048576K
}
Event: 15.291 GC heap before
{Heap before GC invocations=36 (full 0):
 garbage-first heap   total 310272K, used 275228K [0x0000000080000000, 0x0000000100000000)
  region size 1024K, 148 young (151552K), 19 survivors (19456K)
 Metaspace       used 156446K, committed 158848K, reserved 1245184K
  class space    used 20597K, committed 21760K, reserved 1048576K
}
Event: 15.316 GC heap after
{Heap after GC invocations=37 (full 0):
 garbage-first heap   total 310272K, used 135979K [0x0000000080000000, 0x0000000100000000)
  region size 1024K, 4 young (4096K), 4 survivors (4096K)
 Metaspace       used 156446K, committed 158848K, reserved 1245184K
  class space    used 20597K, committed 21760K, reserved 1048576K
}

