# JRE version: OpenJDK Runtime Environment (21.0.8) (build 21.0.8+-14018985-b1038.68)
# Java VM: OpenJDK 64-Bit Server VM (21.0.8+-14018985-b1038.68, mixed mode, tiered, compressed oops, compressed class ptrs, g1 gc, windows-amd64)
GC Precious Log:
 CardTable entry size: 512
 Card Set container configuration: InlinePtr #cards 5 size 8 Array Of Cards #cards 12 size 40 Howl #buckets 4 coarsen threshold 1843 Howl Bitmap #cards 512 size 80 coarsen threshold 460 Card regions per heap region 1 cards per card region 2048
 CPUs: 8 total, 8 available
 Memory: 7987M
 Large Page Support: Disabled
 NUMA Support: Disabled
 Compressed Oops: Enabled (32-bit)
 Heap Region Size: 1M
 Heap Min Capacity: 8M
 Heap Initial Capacity: 126M
 Heap Max Capacity: 2G
 Pre-touch: Disabled
 Parallel Workers: 8
 Concurrent Workers: 2
 Concurrent Refinement Workers: 8
 Periodic GC: Disabled
Heap:
 garbage-first heap   total 247808K, used 184507K [0x0000000080000000, 0x0000000100000000)
  region size 1024K, 39 young (39936K), 8 survivors (8192K)
 Metaspace       used 143185K, committed 145536K, reserved 1179648K
  class space    used 19019K, committed 20160K, reserved 1048576K
GC Heap History (20 events):
Event: 10.531 GC heap before
{Heap before GC invocations=31 (full 0):
 garbage-first heap   total 180224K, used 132384K [0x0000000080000000, 0x0000000100000000)
  region size 1024K, 24 young (24576K), 8 survivors (8192K)
 Metaspace       used 87958K, committed 89728K, reserved 1179648K
  class space    used 12445K, committed 13248K, reserved 1048576K
}
Event: 10.544 GC heap after
{Heap after GC invocations=32 (full 0):
 garbage-first heap   total 217088K, used 124535K [0x0000000080000000, 0x0000000100000000)
  region size 1024K, 7 young (7168K), 7 survivors (7168K)
 Metaspace       used 87958K, committed 89728K, reserved 1179648K
  class space    used 12445K, committed 13248K, reserved 1048576K
}
Event: 11.487 GC heap before
{Heap before GC invocations=33 (full 0):
 garbage-first heap   total 217088K, used 199287K [0x0000000080000000, 0x0000000100000000)
  region size 1024K, 72 young (73728K), 7 survivors (7168K)
 Metaspace       used 94645K, committed 96320K, reserved 1179648K
  class space    used 13238K, committed 14016K, reserved 1048576K
}
Event: 11.495 GC heap after
{Heap after GC invocations=34 (full 0):
 garbage-first heap   total 217088K, used 132331K [0x0000000080000000, 0x0000000100000000)
  region size 1024K, 7 young (7168K), 7 survivors (7168K)
 Metaspace       used 94645K, committed 96320K, reserved 1179648K
  class space    used 13238K, committed 14016K, reserved 1048576K
}
Event: 12.184 GC heap before
{Heap before GC invocations=34 (full 0):
 garbage-first heap   total 217088K, used 192747K [0x0000000080000000, 0x0000000100000000)
  region size 1024K, 66 young (67584K), 7 survivors (7168K)
 Metaspace       used 102387K, committed 104448K, reserved 1179648K
  class space    used 14136K, committed 15104K, reserved 1048576K
}
Event: 12.192 GC heap after
{Heap after GC invocations=35 (full 0):
 garbage-first heap   total 217088K, used 134923K [0x0000000080000000, 0x0000000100000000)
  region size 1024K, 4 young (4096K), 4 survivors (4096K)
 Metaspace       used 102387K, committed 104448K, reserved 1179648K
  class space    used 14136K, committed 15104K, reserved 1048576K
}
Event: 13.127 GC heap before
{Heap before GC invocations=35 (full 0):
 garbage-first heap   total 217088K, used 174859K [0x0000000080000000, 0x0000000100000000)
  region size 1024K, 44 young (45056K), 4 survivors (4096K)
 Metaspace       used 107946K, committed 109952K, reserved 1179648K
  class space    used 14868K, committed 15808K, reserved 1048576K
}
Event: 13.133 GC heap after
{Heap after GC invocations=36 (full 0):
 garbage-first heap   total 217088K, used 137406K [0x0000000080000000, 0x0000000100000000)
  region size 1024K, 7 young (7168K), 7 survivors (7168K)
 Metaspace       used 107946K, committed 109952K, reserved 1179648K
  class space    used 14868K, committed 15808K, reserved 1048576K
}
Event: 14.122 GC heap before
{Heap before GC invocations=37 (full 0):
 garbage-first heap   total 230400K, used 196798K [0x0000000080000000, 0x0000000100000000)
  region size 1024K, 65 young (66560K), 7 survivors (7168K)
 Metaspace       used 110371K, committed 112448K, reserved 1179648K
  class space    used 15143K, committed 16128K, reserved 1048576K
}
Event: 14.131 GC heap after
{Heap after GC invocations=38 (full 0):
 garbage-first heap   total 230400K, used 140709K [0x0000000080000000, 0x0000000100000000)
  region size 1024K, 8 young (8192K), 8 survivors (8192K)
 Metaspace       used 110371K, committed 112448K, reserved 1179648K
  class space    used 15143K, committed 16128K, reserved 1048576K
}
Event: 15.285 GC heap before
{Heap before GC invocations=38 (full 0):
 garbage-first heap   total 230400K, used 207269K [0x0000000080000000, 0x0000000100000000)
  region size 1024K, 73 young (74752K), 8 survivors (8192K)
 Metaspace       used 117010K, committed 118976K, reserved 1179648K
  class space    used 15899K, committed 16832K, reserved 1048576K
}
Event: 15.293 GC heap after
{Heap after GC invocations=39 (full 0):
 garbage-first heap   total 230400K, used 144148K [0x0000000080000000, 0x0000000100000000)
  region size 1024K, 10 young (10240K), 10 survivors (10240K)
 Metaspace       used 117010K, committed 118976K, reserved 1179648K
  class space    used 15899K, committed 16832K, reserved 1048576K
}
Event: 16.180 GC heap before
{Heap before GC invocations=39 (full 0):
 garbage-first heap   total 230400K, used 207636K [0x0000000080000000, 0x0000000100000000)
  region size 1024K, 72 young (73728K), 10 survivors (10240K)
 Metaspace       used 127245K, committed 129280K, reserved 1179648K
  class space    used 16940K, committed 17920K, reserved 1048576K
}
Event: 16.196 GC heap after
{Heap after GC invocations=40 (full 0):
 garbage-first heap   total 230400K, used 146797K [0x0000000080000000, 0x0000000100000000)
  region size 1024K, 4 young (4096K), 4 survivors (4096K)
 Metaspace       used 127245K, committed 129280K, reserved 1179648K
  class space    used 16940K, committed 17920K, reserved 1048576K
}
Event: 16.961 GC heap before
{Heap before GC invocations=41 (full 0):
 garbage-first heap   total 247808K, used 212333K [0x0000000080000000, 0x0000000100000000)
  region size 1024K, 67 young (68608K), 4 survivors (4096K)
 Metaspace       used 132523K, committed 134656K, reserved 1179648K
  class space    used 17490K, committed 18496K, reserved 1048576K
}
Event: 16.966 GC heap after
{Heap after GC invocations=42 (full 0):
 garbage-first heap   total 247808K, used 152738K [0x0000000080000000, 0x0000000100000000)
  region size 1024K, 9 young (9216K), 9 survivors (9216K)
 Metaspace       used 132523K, committed 134656K, reserved 1179648K
  class space    used 17490K, committed 18496K, reserved 1048576K
}
Event: 18.295 GC heap before
{Heap before GC invocations=42 (full 0):
 garbage-first heap   total 247808K, used 224418K [0x0000000080000000, 0x0000000100000000)
  region size 1024K, 79 young (80896K), 9 survivors (9216K)
 Metaspace       used 135069K, committed 137216K, reserved 1179648K
  class space    used 17780K, committed 18752K, reserved 1048576K
}
Event: 18.306 GC heap after
{Heap after GC invocations=43 (full 0):
 garbage-first heap   total 247808K, used 148816K [0x0000000080000000, 0x0000000100000000)
  region size 1024K, 2 young (2048K), 2 survivors (2048K)
 Metaspace       used 135069K, committed 137216K, reserved 1179648K
  class space    used 17780K, committed 18752K, reserved 1048576K
}
Event: 20.578 GC heap before
{Heap before GC invocations=43 (full 0):
 garbage-first heap   total 247808K, used 230736K [0x0000000080000000, 0x0000000100000000)
  region size 1024K, 83 young (84992K), 2 survivors (2048K)
 Metaspace       used 142991K, committed 145344K, reserved 1179648K
  class space    used 19019K, committed 20160K, reserved 1048576K
}
Event: 20.589 GC heap after
{Heap after GC invocations=44 (full 0):
 garbage-first heap   total 247808K, used 154811K [0x0000000080000000, 0x0000000100000000)
  region size 1024K, 8 young (8192K), 8 survivors (8192K)
 Metaspace       used 142991K, committed 145344K, reserved 1179648K
  class space    used 19019K, committed 20160K, reserved 1048576K
}

