# JRE version: OpenJDK Runtime Environment (21.0.8) (build 21.0.8+-14018985-b1038.68)
# Java VM: OpenJDK 64-Bit Server VM (21.0.8+-14018985-b1038.68, mixed mode, tiered, compressed oops, compressed class ptrs, g1 gc, windows-amd64)
GC Precious Log:
 CardTable entry size: 512
 Card Set container configuration: InlinePtr #cards 5 size 8 Array Of Cards #cards 12 size 40 Howl #buckets 4 coarsen threshold 1843 Howl Bitmap #cards 512 size 80 coarsen threshold 460 Card regions per heap region 1 cards per card region 2048
 CPUs: 8 total, 8 available
 Memory: 7987M
 Large Page Support: Disabled
 NUMA Support: Disabled
 Compressed Oops: Enabled (32-bit)
 Heap Region Size: 1M
 Heap Min Capacity: 8M
 Heap Initial Capacity: 126M
 Heap Max Capacity: 2G
 Pre-touch: Disabled
 Parallel Workers: 8
 Concurrent Workers: 2
 Concurrent Refinement Workers: 8
 Periodic GC: Disabled
Heap:
 garbage-first heap   total 86016K, used 41684K [0x0000000080000000, 0x0000000100000000)
  region size 1024K, 2 young (2048K), 2 survivors (2048K)
 Metaspace       used 58820K, committed 60288K, reserved 1114112K
  class space    used 8199K, committed 8896K, reserved 1048576K
GC Heap History (20 events):
Event: 1.684 GC heap after
{Heap after GC invocations=3 (full 0):
 garbage-first heap   total 129024K, used 18498K [0x0000000080000000, 0x0000000100000000)
  region size 1024K, 7 young (7168K), 7 survivors (7168K)
 Metaspace       used 15565K, committed 15808K, reserved 1114112K
  class space    used 1793K, committed 1920K, reserved 1048576K
}
Event: 2.314 GC heap before
{Heap before GC invocations=3 (full 0):
 garbage-first heap   total 129024K, used 40002K [0x0000000080000000, 0x0000000100000000)
  region size 1024K, 29 young (29696K), 7 survivors (7168K)
 Metaspace       used 21214K, committed 21504K, reserved 1114112K
  class space    used 2539K, committed 2688K, reserved 1048576K
}
Event: 2.321 GC heap after
{Heap after GC invocations=4 (full 0):
 garbage-first heap   total 129024K, used 20574K [0x0000000080000000, 0x0000000100000000)
  region size 1024K, 3 young (3072K), 3 survivors (3072K)
 Metaspace       used 21214K, committed 21504K, reserved 1114112K
  class space    used 2539K, committed 2688K, reserved 1048576K
}
Event: 3.325 GC heap before
{Heap before GC invocations=5 (full 0):
 garbage-first heap   total 71680K, used 59486K [0x0000000080000000, 0x0000000100000000)
  region size 1024K, 42 young (43008K), 3 survivors (3072K)
 Metaspace       used 28090K, committed 28544K, reserved 1114112K
  class space    used 3634K, committed 3840K, reserved 1048576K
}
Event: 3.332 GC heap after
{Heap after GC invocations=6 (full 0):
 garbage-first heap   total 71680K, used 22476K [0x0000000080000000, 0x0000000100000000)
  region size 1024K, 5 young (5120K), 5 survivors (5120K)
 Metaspace       used 28090K, committed 28544K, reserved 1114112K
  class space    used 3634K, committed 3840K, reserved 1048576K
}
Event: 4.015 GC heap before
{Heap before GC invocations=6 (full 0):
 garbage-first heap   total 71680K, used 56268K [0x0000000080000000, 0x0000000100000000)
  region size 1024K, 39 young (39936K), 5 survivors (5120K)
 Metaspace       used 32612K, committed 33280K, reserved 1114112K
  class space    used 4434K, committed 4736K, reserved 1048576K
}
Event: 4.021 GC heap after
{Heap after GC invocations=7 (full 0):
 garbage-first heap   total 71680K, used 24886K [0x0000000080000000, 0x0000000100000000)
  region size 1024K, 5 young (5120K), 5 survivors (5120K)
 Metaspace       used 32612K, committed 33280K, reserved 1114112K
  class space    used 4434K, committed 4736K, reserved 1048576K
}
Event: 4.195 GC heap before
{Heap before GC invocations=7 (full 0):
 garbage-first heap   total 71680K, used 42294K [0x0000000080000000, 0x0000000100000000)
  region size 1024K, 23 young (23552K), 5 survivors (5120K)
 Metaspace       used 35194K, committed 35968K, reserved 1114112K
  class space    used 4878K, committed 5248K, reserved 1048576K
}
Event: 4.200 GC heap after
{Heap after GC invocations=8 (full 0):
 garbage-first heap   total 71680K, used 25844K [0x0000000080000000, 0x0000000100000000)
  region size 1024K, 2 young (2048K), 2 survivors (2048K)
 Metaspace       used 35194K, committed 35968K, reserved 1114112K
  class space    used 4878K, committed 5248K, reserved 1048576K
}
Event: 4.660 GC heap before
{Heap before GC invocations=9 (full 0):
 garbage-first heap   total 71680K, used 59636K [0x0000000080000000, 0x0000000100000000)
  region size 1024K, 35 young (35840K), 2 survivors (2048K)
 Metaspace       used 42209K, committed 43072K, reserved 1114112K
  class space    used 5820K, committed 6208K, reserved 1048576K
}
Event: 4.668 GC heap after
{Heap after GC invocations=10 (full 0):
 garbage-first heap   total 71680K, used 28752K [0x0000000080000000, 0x0000000100000000)
  region size 1024K, 4 young (4096K), 4 survivors (4096K)
 Metaspace       used 42209K, committed 43072K, reserved 1114112K
  class space    used 5820K, committed 6208K, reserved 1048576K
}
Event: 4.904 GC heap before
{Heap before GC invocations=10 (full 0):
 garbage-first heap   total 71680K, used 60496K [0x0000000080000000, 0x0000000100000000)
  region size 1024K, 36 young (36864K), 4 survivors (4096K)
 Metaspace       used 44311K, committed 45184K, reserved 1114112K
  class space    used 6055K, committed 6464K, reserved 1048576K
}
Event: 4.914 GC heap after
{Heap after GC invocations=11 (full 0):
 garbage-first heap   total 86016K, used 32038K [0x0000000080000000, 0x0000000100000000)
  region size 1024K, 4 young (4096K), 4 survivors (4096K)
 Metaspace       used 44311K, committed 45184K, reserved 1114112K
  class space    used 6055K, committed 6464K, reserved 1048576K
}
Event: 5.378 GC heap before
{Heap before GC invocations=11 (full 0):
 garbage-first heap   total 86016K, used 78118K [0x0000000080000000, 0x0000000100000000)
  region size 1024K, 44 young (45056K), 4 survivors (4096K)
 Metaspace       used 49577K, committed 50752K, reserved 1114112K
  class space    used 6810K, committed 7424K, reserved 1048576K
}
Event: 5.385 GC heap after
{Heap after GC invocations=12 (full 0):
 garbage-first heap   total 86016K, used 34152K [0x0000000080000000, 0x0000000100000000)
  region size 1024K, 6 young (6144K), 6 survivors (6144K)
 Metaspace       used 49577K, committed 50752K, reserved 1114112K
  class space    used 6810K, committed 7424K, reserved 1048576K
}
Event: 5.823 GC heap before
{Heap before GC invocations=12 (full 0):
 garbage-first heap   total 86016K, used 74088K [0x0000000080000000, 0x0000000100000000)
  region size 1024K, 45 young (46080K), 6 survivors (6144K)
 Metaspace       used 54746K, committed 56192K, reserved 1114112K
  class space    used 7670K, committed 8384K, reserved 1048576K
}
Event: 5.832 GC heap after
{Heap after GC invocations=13 (full 0):
 garbage-first heap   total 86016K, used 36496K [0x0000000080000000, 0x0000000100000000)
  region size 1024K, 6 young (6144K), 6 survivors (6144K)
 Metaspace       used 54746K, committed 56192K, reserved 1114112K
  class space    used 7670K, committed 8384K, reserved 1048576K
}
Event: 6.321 GC heap before
{Heap before GC invocations=13 (full 0):
 garbage-first heap   total 86016K, used 75408K [0x0000000080000000, 0x0000000100000000)
  region size 1024K, 42 young (43008K), 6 survivors (6144K)
 Metaspace       used 57898K, committed 59392K, reserved 1114112K
  class space    used 8043K, committed 8768K, reserved 1048576K
}
Event: 6.326 GC heap after
{Heap after GC invocations=14 (full 0):
 garbage-first heap   total 86016K, used 40213K [0x0000000080000000, 0x0000000100000000)
  region size 1024K, 6 young (6144K), 6 survivors (6144K)
 Metaspace       used 57898K, committed 59392K, reserved 1114112K
  class space    used 8043K, committed 8768K, reserved 1048576K
}
Event: 6.480 GC heap before
{Heap before GC invocations=14 (full 0):
 garbage-first heap   total 86016K, used 63765K [0x0000000080000000, 0x0000000100000000)
  region size 1024K, 30 young (30720K), 6 survivors (6144K)
 Metaspace       used 58820K, committed 60288K, reserved 1114112K
  class space    used 8199K, committed 8896K, reserved 1048576K
}

