# JRE version: OpenJDK Runtime Environment (21.0.8) (build 21.0.8+-14018985-b1038.68)
# Java VM: OpenJDK 64-Bit Server VM (21.0.8+-14018985-b1038.68, mixed mode, tiered, compressed oops, compressed class ptrs, g1 gc, windows-amd64)
GC Precious Log:
 CardTable entry size: 512
 Card Set container configuration: InlinePtr #cards 5 size 8 Array Of Cards #cards 12 size 40 Howl #buckets 4 coarsen threshold 1843 Howl Bitmap #cards 512 size 80 coarsen threshold 460 Card regions per heap region 1 cards per card region 2048
 CPUs: 8 total, 8 available
 Memory: 7987M
 Large Page Support: Disabled
 NUMA Support: Disabled
 Compressed Oops: Enabled (32-bit)
 Heap Region Size: 1M
 Heap Min Capacity: 8M
 Heap Initial Capacity: 126M
 Heap Max Capacity: 2G
 Pre-touch: Disabled
 Parallel Workers: 8
 Concurrent Workers: 2
 Concurrent Refinement Workers: 8
 Periodic GC: Disabled
Heap:
 garbage-first heap   total 395264K, used 189625K [0x0000000080000000, 0x0000000100000000)
  region size 1024K, 40 young (40960K), 11 survivors (11264K)
 Metaspace       used 121893K, committed 123648K, reserved 1179648K
  class space    used 16363K, committed 17536K, reserved 1048576K
GC Heap History (20 events):
Event: 10.297 GC heap before
{Heap before GC invocations=49 (full 0):
 garbage-first heap   total 181248K, used 169444K [0x0000000080000000, 0x0000000100000000)
  region size 1024K, 59 young (60416K), 4 survivors (4096K)
 Metaspace       used 110859K, committed 113024K, reserved 1179648K
  class space    used 15640K, committed 16704K, reserved 1048576K
}
Event: 10.302 GC heap after
{Heap after GC invocations=50 (full 0):
 garbage-first heap   total 247808K, used 110894K [0x0000000080000000, 0x0000000100000000)
  region size 1024K, 8 young (8192K), 8 survivors (8192K)
 Metaspace       used 110859K, committed 113024K, reserved 1179648K
  class space    used 15640K, committed 16704K, reserved 1048576K
}
Event: 477.029 GC heap before
{Heap before GC invocations=50 (full 0):
 garbage-first heap   total 247808K, used 216366K [0x0000000080000000, 0x0000000100000000)
  region size 1024K, 112 young (114688K), 8 survivors (8192K)
 Metaspace       used 114564K, committed 116800K, reserved 1179648K
  class space    used 16141K, committed 17216K, reserved 1048576K
}
Event: 477.085 GC heap after
{Heap after GC invocations=51 (full 0):
 garbage-first heap   total 247808K, used 114484K [0x0000000080000000, 0x0000000100000000)
  region size 1024K, 11 young (11264K), 11 survivors (11264K)
 Metaspace       used 114564K, committed 116800K, reserved 1179648K
  class space    used 16141K, committed 17216K, reserved 1048576K
}
Event: 6062.044 GC heap before
{Heap before GC invocations=51 (full 0):
 garbage-first heap   total 247808K, used 223028K [0x0000000080000000, 0x0000000100000000)
  region size 1024K, 117 young (119808K), 11 survivors (11264K)
 Metaspace       used 114791K, committed 116992K, reserved 1179648K
  class space    used 16141K, committed 17216K, reserved 1048576K
}
Event: 6062.120 GC heap after
{Heap after GC invocations=52 (full 0):
 garbage-first heap   total 247808K, used 115257K [0x0000000080000000, 0x0000000100000000)
  region size 1024K, 7 young (7168K), 7 survivors (7168K)
 Metaspace       used 114791K, committed 116992K, reserved 1179648K
  class space    used 16141K, committed 17216K, reserved 1048576K
}
Event: 6092.788 GC heap before
{Heap before GC invocations=52 (full 0):
 garbage-first heap   total 247808K, used 214585K [0x0000000080000000, 0x0000000100000000)
  region size 1024K, 106 young (108544K), 7 survivors (7168K)
 Metaspace       used 116587K, committed 118848K, reserved 1179648K
  class space    used 16309K, committed 17408K, reserved 1048576K
}
Event: 6092.812 GC heap after
{Heap after GC invocations=53 (full 0):
 garbage-first heap   total 247808K, used 123992K [0x0000000080000000, 0x0000000100000000)
  region size 1024K, 15 young (15360K), 15 survivors (15360K)
 Metaspace       used 116587K, committed 118848K, reserved 1179648K
  class space    used 16309K, committed 17408K, reserved 1048576K
}
Event: 6094.383 GC heap before
{Heap before GC invocations=54 (full 0):
 garbage-first heap   total 247808K, used 228440K [0x0000000080000000, 0x0000000100000000)
  region size 1024K, 107 young (109568K), 15 survivors (15360K)
 Metaspace       used 115305K, committed 119232K, reserved 1179648K
  class space    used 15777K, committed 17408K, reserved 1048576K
}
Event: 6094.420 GC heap after
{Heap after GC invocations=55 (full 0):
 garbage-first heap   total 277504K, used 157190K [0x0000000080000000, 0x0000000100000000)
  region size 1024K, 14 young (14336K), 14 survivors (14336K)
 Metaspace       used 115305K, committed 119232K, reserved 1179648K
  class space    used 15777K, committed 17408K, reserved 1048576K
}
Event: 6095.105 GC heap before
{Heap before GC invocations=55 (full 0):
 garbage-first heap   total 277504K, used 260614K [0x0000000080000000, 0x0000000100000000)
  region size 1024K, 92 young (94208K), 14 survivors (14336K)
 Metaspace       used 118528K, committed 120576K, reserved 1179648K
  class space    used 16087K, committed 17408K, reserved 1048576K
}
Event: 6095.129 GC heap after
{Heap after GC invocations=56 (full 0):
 garbage-first heap   total 291840K, used 170496K [0x0000000080000000, 0x0000000100000000)
  region size 1024K, 9 young (9216K), 9 survivors (9216K)
 Metaspace       used 118528K, committed 120576K, reserved 1179648K
  class space    used 16087K, committed 17408K, reserved 1048576K
}
Event: 6423.849 GC heap before
{Heap before GC invocations=56 (full 0):
 garbage-first heap   total 291840K, used 253440K [0x0000000080000000, 0x0000000100000000)
  region size 1024K, 91 young (93184K), 9 survivors (9216K)
 Metaspace       used 121465K, committed 123328K, reserved 1179648K
  class space    used 16385K, committed 17536K, reserved 1048576K
}
Event: 6423.910 GC heap after
{Heap after GC invocations=57 (full 0):
 garbage-first heap   total 291840K, used 167878K [0x0000000080000000, 0x0000000100000000)
  region size 1024K, 3 young (3072K), 3 survivors (3072K)
 Metaspace       used 121465K, committed 123328K, reserved 1179648K
  class space    used 16385K, committed 17536K, reserved 1048576K
}
Event: 6425.689 GC heap before
{Heap before GC invocations=57 (full 0):
 garbage-first heap   total 291840K, used 254918K [0x0000000080000000, 0x0000000100000000)
  region size 1024K, 89 young (91136K), 3 survivors (3072K)
 Metaspace       used 121773K, committed 123584K, reserved 1179648K
  class space    used 16386K, committed 17536K, reserved 1048576K
}
Event: 6425.712 GC heap after
{Heap after GC invocations=58 (full 0):
 garbage-first heap   total 291840K, used 176709K [0x0000000080000000, 0x0000000100000000)
  region size 1024K, 12 young (12288K), 12 survivors (12288K)
 Metaspace       used 121773K, committed 123584K, reserved 1179648K
  class space    used 16386K, committed 17536K, reserved 1048576K
}
Event: 6426.599 GC heap before
{Heap before GC invocations=59 (full 0):
 garbage-first heap   total 291840K, used 241221K [0x0000000080000000, 0x0000000100000000)
  region size 1024K, 93 young (95232K), 12 survivors (12288K)
 Metaspace       used 121695K, committed 123584K, reserved 1179648K
  class space    used 16363K, committed 17536K, reserved 1048576K
}
Event: 6426.644 GC heap after
{Heap after GC invocations=60 (full 0):
 garbage-first heap   total 291840K, used 175616K [0x0000000080000000, 0x0000000100000000)
  region size 1024K, 12 young (12288K), 12 survivors (12288K)
 Metaspace       used 121695K, committed 123584K, reserved 1179648K
  class space    used 16363K, committed 17536K, reserved 1048576K
}
Event: 6427.235 GC heap before
{Heap before GC invocations=60 (full 0):
 garbage-first heap   total 291840K, used 274944K [0x0000000080000000, 0x0000000100000000)
  region size 1024K, 85 young (87040K), 12 survivors (12288K)
 Metaspace       used 121852K, committed 123648K, reserved 1179648K
  class space    used 16363K, committed 17536K, reserved 1048576K
}
Event: 6427.260 GC heap after
{Heap after GC invocations=61 (full 0):
 garbage-first heap   total 395264K, used 161977K [0x0000000080000000, 0x0000000100000000)
  region size 1024K, 11 young (11264K), 11 survivors (11264K)
 Metaspace       used 121852K, committed 123648K, reserved 1179648K
  class space    used 16363K, committed 17536K, reserved 1048576K
}

