# JRE version: OpenJDK Runtime Environment (21.0.8) (build 21.0.8+-14018985-b1038.68)
# Java VM: OpenJDK 64-Bit Server VM (21.0.8+-14018985-b1038.68, mixed mode, tiered, compressed oops, compressed class ptrs, g1 gc, windows-amd64)
GC Precious Log:
 CardTable entry size: 512
 Card Set container configuration: InlinePtr #cards 5 size 8 Array Of Cards #cards 12 size 40 Howl #buckets 4 coarsen threshold 1843 Howl Bitmap #cards 512 size 80 coarsen threshold 460 Card regions per heap region 1 cards per card region 2048
 CPUs: 8 total, 8 available
 Memory: 7987M
 Large Page Support: Disabled
 NUMA Support: Disabled
 Compressed Oops: Enabled (32-bit)
 Heap Region Size: 1M
 Heap Min Capacity: 8M
 Heap Initial Capacity: 126M
 Heap Max Capacity: 2G
 Pre-touch: Disabled
 Parallel Workers: 8
 Concurrent Workers: 2
 Concurrent Refinement Workers: 8
 Periodic GC: Disabled
Heap:
 garbage-first heap   total 235520K, used 173702K [0x0000000080000000, 0x0000000100000000)
  region size 1024K, 8 young (8192K), 4 survivors (4096K)
 Metaspace       used 118387K, committed 120704K, reserved 1179648K
  class space    used 16267K, committed 17408K, reserved 1048576K
GC Heap History (20 events):
Event: 205.174 GC heap before
{Heap before GC invocations=42 (full 0):
 garbage-first heap   total 232448K, used 195510K [0x0000000080000000, 0x0000000100000000)
  region size 1024K, 61 young (62464K), 5 survivors (5120K)
 Metaspace       used 113424K, committed 115648K, reserved 1179648K
  class space    used 15860K, committed 16960K, reserved 1048576K
}
Event: 205.184 GC heap after
{Heap after GC invocations=43 (full 0):
 garbage-first heap   total 232448K, used 145307K [0x0000000080000000, 0x0000000100000000)
  region size 1024K, 8 young (8192K), 8 survivors (8192K)
 Metaspace       used 113424K, committed 115648K, reserved 1179648K
  class space    used 15860K, committed 16960K, reserved 1048576K
}
Event: 283.714 GC heap before
{Heap before GC invocations=43 (full 0):
 garbage-first heap   total 232448K, used 211867K [0x0000000080000000, 0x0000000100000000)
  region size 1024K, 73 young (74752K), 8 survivors (8192K)
 Metaspace       used 113618K, committed 115840K, reserved 1179648K
  class space    used 15864K, committed 16960K, reserved 1048576K
}
Event: 283.804 GC heap after
{Heap after GC invocations=44 (full 0):
 garbage-first heap   total 232448K, used 133484K [0x0000000080000000, 0x0000000100000000)
  region size 1024K, 6 young (6144K), 6 survivors (6144K)
 Metaspace       used 113618K, committed 115840K, reserved 1179648K
  class space    used 15864K, committed 16960K, reserved 1048576K
}
Event: 398.756 GC heap before
{Heap before GC invocations=44 (full 0):
 garbage-first heap   total 232448K, used 209260K [0x0000000080000000, 0x0000000100000000)
  region size 1024K, 81 young (82944K), 6 survivors (6144K)
 Metaspace       used 113853K, committed 116096K, reserved 1179648K
  class space    used 15867K, committed 16960K, reserved 1048576K
}
Event: 398.828 GC heap after
{Heap after GC invocations=45 (full 0):
 garbage-first heap   total 232448K, used 130247K [0x0000000080000000, 0x0000000100000000)
  region size 1024K, 2 young (2048K), 2 survivors (2048K)
 Metaspace       used 113853K, committed 116096K, reserved 1179648K
  class space    used 15867K, committed 16960K, reserved 1048576K
}
Event: 400.574 GC heap before
{Heap before GC invocations=45 (full 0):
 garbage-first heap   total 232448K, used 212167K [0x0000000080000000, 0x0000000100000000)
  region size 1024K, 83 young (84992K), 2 survivors (2048K)
 Metaspace       used 114046K, committed 116224K, reserved 1179648K
  class space    used 15870K, committed 16960K, reserved 1048576K
}
Event: 400.599 GC heap after
{Heap after GC invocations=46 (full 0):
 garbage-first heap   total 232448K, used 140181K [0x0000000080000000, 0x0000000100000000)
  region size 1024K, 11 young (11264K), 11 survivors (11264K)
 Metaspace       used 114046K, committed 116224K, reserved 1179648K
  class space    used 15870K, committed 16960K, reserved 1048576K
}
Event: 450.804 GC heap before
{Heap before GC invocations=47 (full 0):
 garbage-first heap   total 232448K, used 207765K [0x0000000080000000, 0x0000000100000000)
  region size 1024K, 78 young (79872K), 11 survivors (11264K)
 Metaspace       used 114169K, committed 116416K, reserved 1179648K
  class space    used 15872K, committed 16960K, reserved 1048576K
}
Event: 450.862 GC heap after
{Heap after GC invocations=48 (full 0):
 garbage-first heap   total 232448K, used 144294K [0x0000000080000000, 0x0000000100000000)
  region size 1024K, 6 young (6144K), 6 survivors (6144K)
 Metaspace       used 114169K, committed 116416K, reserved 1179648K
  class space    used 15872K, committed 16960K, reserved 1048576K
}
Event: 471.436 GC heap before
{Heap before GC invocations=48 (full 0):
 garbage-first heap   total 232448K, used 213926K [0x0000000080000000, 0x0000000100000000)
  region size 1024K, 74 young (75776K), 6 survivors (6144K)
 Metaspace       used 114391K, committed 116608K, reserved 1179648K
  class space    used 15873K, committed 16960K, reserved 1048576K
}
Event: 471.450 GC heap after
{Heap after GC invocations=49 (full 0):
 garbage-first heap   total 232448K, used 130193K [0x0000000080000000, 0x0000000100000000)
  region size 1024K, 3 young (3072K), 3 survivors (3072K)
 Metaspace       used 114391K, committed 116608K, reserved 1179648K
  class space    used 15873K, committed 16960K, reserved 1048576K
}
Event: 472.139 GC heap before
{Heap before GC invocations=49 (full 0):
 garbage-first heap   total 232448K, used 212113K [0x0000000080000000, 0x0000000100000000)
  region size 1024K, 84 young (86016K), 3 survivors (3072K)
 Metaspace       used 114543K, committed 116800K, reserved 1179648K
  class space    used 15874K, committed 16960K, reserved 1048576K
}
Event: 472.152 GC heap after
{Heap after GC invocations=50 (full 0):
 garbage-first heap   total 232448K, used 139413K [0x0000000080000000, 0x0000000100000000)
  region size 1024K, 11 young (11264K), 11 survivors (11264K)
 Metaspace       used 114543K, committed 116800K, reserved 1179648K
  class space    used 15874K, committed 16960K, reserved 1048576K
}
Event: 902.679 GC heap before
{Heap before GC invocations=51 (full 0):
 garbage-first heap   total 234496K, used 206997K [0x0000000080000000, 0x0000000100000000)
  region size 1024K, 78 young (79872K), 11 survivors (11264K)
 Metaspace       used 114653K, committed 116928K, reserved 1179648K
  class space    used 15876K, committed 16960K, reserved 1048576K
}
Event: 902.719 GC heap after
{Heap after GC invocations=52 (full 0):
 garbage-first heap   total 234496K, used 143710K [0x0000000080000000, 0x0000000100000000)
  region size 1024K, 6 young (6144K), 6 survivors (6144K)
 Metaspace       used 114653K, committed 116928K, reserved 1179648K
  class space    used 15876K, committed 16960K, reserved 1048576K
}
Event: 903.705 GC heap before
{Heap before GC invocations=52 (full 0):
 garbage-first heap   total 234496K, used 218462K [0x0000000080000000, 0x0000000100000000)
  region size 1024K, 75 young (76800K), 6 survivors (6144K)
 Metaspace       used 115976K, committed 118208K, reserved 1179648K
  class space    used 15944K, committed 17024K, reserved 1048576K
}
Event: 903.722 GC heap after
{Heap after GC invocations=53 (full 0):
 garbage-first heap   total 235520K, used 141684K [0x0000000080000000, 0x0000000100000000)
  region size 1024K, 10 young (10240K), 10 survivors (10240K)
 Metaspace       used 115976K, committed 118208K, reserved 1179648K
  class space    used 15944K, committed 17024K, reserved 1048576K
}
Event: 904.182 GC heap before
{Heap before GC invocations=53 (full 0):
 garbage-first heap   total 235520K, used 167284K [0x0000000080000000, 0x0000000100000000)
  region size 1024K, 37 young (37888K), 10 survivors (10240K)
 Metaspace       used 118176K, committed 120448K, reserved 1179648K
  class space    used 16239K, committed 17344K, reserved 1048576K
}
Event: 904.193 GC heap after
{Heap after GC invocations=54 (full 0):
 garbage-first heap   total 235520K, used 146054K [0x0000000080000000, 0x0000000100000000)
  region size 1024K, 4 young (4096K), 4 survivors (4096K)
 Metaspace       used 118176K, committed 120448K, reserved 1179648K
  class space    used 16239K, committed 17344K, reserved 1048576K
}

