# JRE version: OpenJDK Runtime Environment (21.0.8) (build 21.0.8+-14018985-b1038.68)
# Java VM: OpenJDK 64-Bit Server VM (21.0.8+-14018985-b1038.68, mixed mode, tiered, compressed oops, compressed class ptrs, g1 gc, windows-amd64)
GC Precious Log:
 CardTable entry size: 512
 Card Set container configuration: InlinePtr #cards 5 size 8 Array Of Cards #cards 12 size 40 Howl #buckets 4 coarsen threshold 1843 Howl Bitmap #cards 512 size 80 coarsen threshold 460 Card regions per heap region 1 cards per card region 2048
 CPUs: 8 total, 8 available
 Memory: 7987M
 Large Page Support: Disabled
 NUMA Support: Disabled
 Compressed Oops: Enabled (32-bit)
 Heap Region Size: 1M
 Heap Min Capacity: 8M
 Heap Initial Capacity: 126M
 Heap Max Capacity: 2G
 Pre-touch: Disabled
 Parallel Workers: 8
 Concurrent Workers: 2
 Concurrent Refinement Workers: 8
 Periodic GC: Disabled
Heap:
 garbage-first heap   total 241664K, used 208023K [0x0000000080000000, 0x0000000100000000)
  region size 1024K, 81 young (82944K), 4 survivors (4096K)
 Metaspace       used 134211K, committed 136512K, reserved 1179648K
  class space    used 19175K, committed 20288K, reserved 1048576K
GC Heap History (20 events):
Event: 18.467 GC heap before
{Heap before GC invocations=34 (full 0):
 garbage-first heap   total 174080K, used 158700K [0x0000000080000000, 0x0000000100000000)
  region size 1024K, 56 young (57344K), 3 survivors (3072K)
 Metaspace       used 108856K, committed 111040K, reserved 1179648K
  class space    used 15469K, committed 16512K, reserved 1048576K
}
Event: 18.472 GC heap after
{Heap after GC invocations=35 (full 0):
 garbage-first heap   total 174080K, used 106796K [0x0000000080000000, 0x0000000100000000)
  region size 1024K, 7 young (7168K), 7 survivors (7168K)
 Metaspace       used 108856K, committed 111040K, reserved 1179648K
  class space    used 15469K, committed 16512K, reserved 1048576K
}
Event: 18.704 GC heap before
{Heap before GC invocations=35 (full 0):
 garbage-first heap   total 174080K, used 154924K [0x0000000080000000, 0x0000000100000000)
  region size 1024K, 55 young (56320K), 7 survivors (7168K)
 Metaspace       used 108992K, committed 111232K, reserved 1179648K
  class space    used 15484K, committed 16576K, reserved 1048576K
}
Event: 18.712 GC heap after
{Heap after GC invocations=36 (full 0):
 garbage-first heap   total 174080K, used 108754K [0x0000000080000000, 0x0000000100000000)
  region size 1024K, 5 young (5120K), 5 survivors (5120K)
 Metaspace       used 108992K, committed 111232K, reserved 1179648K
  class space    used 15484K, committed 16576K, reserved 1048576K
}
Event: 18.967 GC heap before
{Heap before GC invocations=37 (full 0):
 garbage-first heap   total 184320K, used 156882K [0x0000000080000000, 0x0000000100000000)
  region size 1024K, 53 young (54272K), 5 survivors (5120K)
 Metaspace       used 109302K, committed 111488K, reserved 1179648K
  class space    used 15522K, committed 16576K, reserved 1048576K
}
Event: 18.972 GC heap after
{Heap after GC invocations=38 (full 0):
 garbage-first heap   total 184320K, used 110633K [0x0000000080000000, 0x0000000100000000)
  region size 1024K, 4 young (4096K), 4 survivors (4096K)
 Metaspace       used 109302K, committed 111488K, reserved 1179648K
  class space    used 15522K, committed 16576K, reserved 1048576K
}
Event: 19.193 GC heap before
{Heap before GC invocations=38 (full 0):
 garbage-first heap   total 184320K, used 167977K [0x0000000080000000, 0x0000000100000000)
  region size 1024K, 61 young (62464K), 4 survivors (4096K)
 Metaspace       used 109381K, committed 111552K, reserved 1179648K
  class space    used 15527K, committed 16576K, reserved 1048576K
}
Event: 19.199 GC heap after
{Heap after GC invocations=39 (full 0):
 garbage-first heap   total 184320K, used 111303K [0x0000000080000000, 0x0000000100000000)
  region size 1024K, 6 young (6144K), 6 survivors (6144K)
 Metaspace       used 109381K, committed 111552K, reserved 1179648K
  class space    used 15527K, committed 16576K, reserved 1048576K
}
Event: 19.511 GC heap before
{Heap before GC invocations=39 (full 0):
 garbage-first heap   total 184320K, used 128711K [0x0000000080000000, 0x0000000100000000)
  region size 1024K, 25 young (25600K), 6 survivors (6144K)
 Metaspace       used 109724K, committed 111936K, reserved 1179648K
  class space    used 15593K, committed 16640K, reserved 1048576K
}
Event: 19.517 GC heap after
{Heap after GC invocations=40 (full 0):
 garbage-first heap   total 238592K, used 112881K [0x0000000080000000, 0x0000000100000000)
  region size 1024K, 6 young (6144K), 6 survivors (6144K)
 Metaspace       used 109724K, committed 111936K, reserved 1179648K
  class space    used 15593K, committed 16640K, reserved 1048576K
}
Event: 19.527 GC heap before
{Heap before GC invocations=40 (full 0):
 garbage-first heap   total 238592K, used 113905K [0x0000000080000000, 0x0000000100000000)
  region size 1024K, 7 young (7168K), 6 survivors (6144K)
 Metaspace       used 109724K, committed 111936K, reserved 1179648K
  class space    used 15593K, committed 16640K, reserved 1048576K
}
Event: 19.531 GC heap after
{Heap after GC invocations=41 (full 0):
 garbage-first heap   total 238592K, used 112921K [0x0000000080000000, 0x0000000100000000)
  region size 1024K, 5 young (5120K), 5 survivors (5120K)
 Metaspace       used 109724K, committed 111936K, reserved 1179648K
  class space    used 15593K, committed 16640K, reserved 1048576K
}
Event: 22.145 GC heap before
{Heap before GC invocations=42 (full 0):
 garbage-first heap   total 238592K, used 224537K [0x0000000080000000, 0x0000000100000000)
  region size 1024K, 109 young (111616K), 5 survivors (5120K)
 Metaspace       used 121005K, committed 123200K, reserved 1179648K
  class space    used 17175K, committed 18240K, reserved 1048576K
}
Event: 22.165 GC heap after
{Heap after GC invocations=43 (full 0):
 garbage-first heap   total 241664K, used 122101K [0x0000000080000000, 0x0000000100000000)
  region size 1024K, 14 young (14336K), 14 survivors (14336K)
 Metaspace       used 121005K, committed 123200K, reserved 1179648K
  class space    used 17175K, committed 18240K, reserved 1048576K
}
Event: 23.238 GC heap before
{Heap before GC invocations=43 (full 0):
 garbage-first heap   total 241664K, used 212213K [0x0000000080000000, 0x0000000100000000)
  region size 1024K, 103 young (105472K), 14 survivors (14336K)
 Metaspace       used 128050K, committed 130304K, reserved 1179648K
  class space    used 18304K, committed 19392K, reserved 1048576K
}
Event: 23.278 GC heap after
{Heap after GC invocations=44 (full 0):
 garbage-first heap   total 241664K, used 126525K [0x0000000080000000, 0x0000000100000000)
  region size 1024K, 6 young (6144K), 6 survivors (6144K)
 Metaspace       used 128050K, committed 130304K, reserved 1179648K
  class space    used 18304K, committed 19392K, reserved 1048576K
}
Event: 23.888 GC heap before
{Heap before GC invocations=44 (full 0):
 garbage-first heap   total 241664K, used 208445K [0x0000000080000000, 0x0000000100000000)
  region size 1024K, 88 young (90112K), 6 survivors (6144K)
 Metaspace       used 130454K, committed 132736K, reserved 1179648K
  class space    used 18644K, committed 19712K, reserved 1048576K
}
Event: 23.942 GC heap after
{Heap after GC invocations=45 (full 0):
 garbage-first heap   total 241664K, used 129850K [0x0000000080000000, 0x0000000100000000)
  region size 1024K, 9 young (9216K), 9 survivors (9216K)
 Metaspace       used 130454K, committed 132736K, reserved 1179648K
  class space    used 18644K, committed 19712K, reserved 1048576K
}
Event: 26.194 GC heap before
{Heap before GC invocations=46 (full 0):
 garbage-first heap   total 241664K, used 218938K [0x0000000080000000, 0x0000000100000000)
  region size 1024K, 96 young (98304K), 9 survivors (9216K)
 Metaspace       used 132182K, committed 134464K, reserved 1179648K
  class space    used 18903K, committed 19968K, reserved 1048576K
}
Event: 26.247 GC heap after
{Heap after GC invocations=47 (full 0):
 garbage-first heap   total 241664K, used 128151K [0x0000000080000000, 0x0000000100000000)
  region size 1024K, 4 young (4096K), 4 survivors (4096K)
 Metaspace       used 132182K, committed 134464K, reserved 1179648K
  class space    used 18903K, committed 19968K, reserved 1048576K
}

