# JRE version: OpenJDK Runtime Environment (21.0.8) (build 21.0.8+-14018985-b1038.68)
# Java VM: OpenJDK 64-Bit Server VM (21.0.8+-14018985-b1038.68, mixed mode, tiered, compressed oops, compressed class ptrs, g1 gc, windows-amd64)
GC Precious Log:
 CardTable entry size: 512
 Card Set container configuration: InlinePtr #cards 5 size 8 Array Of Cards #cards 12 size 40 Howl #buckets 4 coarsen threshold 1843 Howl Bitmap #cards 512 size 80 coarsen threshold 460 Card regions per heap region 1 cards per card region 2048
 CPUs: 8 total, 8 available
 Memory: 7987M
 Large Page Support: Disabled
 NUMA Support: Disabled
 Compressed Oops: Enabled (32-bit)
 Heap Region Size: 1M
 Heap Min Capacity: 8M
 Heap Initial Capacity: 126M
 Heap Max Capacity: 2G
 Pre-touch: Disabled
 Parallel Workers: 8
 Concurrent Workers: 2
 Concurrent Refinement Workers: 8
 Periodic GC: Disabled
Heap:
 garbage-first heap   total 295936K, used 148230K [0x0000000080000000, 0x0000000100000000)
  region size 1024K, 19 young (19456K), 18 survivors (18432K)
 Metaspace       used 151643K, committed 154048K, reserved 1245184K
  class space    used 21036K, committed 22208K, reserved 1048576K
GC Heap History (20 events):
Event: 11.491 GC heap after
{Heap after GC invocations=45 (full 0):
 garbage-first heap   total 181248K, used 113397K [0x0000000080000000, 0x0000000100000000)
  region size 1024K, 7 young (7168K), 7 survivors (7168K)
 Metaspace       used 110873K, committed 113088K, reserved 1179648K
  class space    used 15649K, committed 16704K, reserved 1048576K
}
Event: 11.935 GC heap before
{Heap before GC invocations=45 (full 0):
 garbage-first heap   total 181248K, used 164597K [0x0000000080000000, 0x0000000100000000)
  region size 1024K, 56 young (57344K), 7 survivors (7168K)
 Metaspace       used 116994K, committed 119232K, reserved 1179648K
  class space    used 16508K, committed 17600K, reserved 1048576K
}
Event: 11.944 GC heap after
{Heap after GC invocations=46 (full 0):
 garbage-first heap   total 276480K, used 118873K [0x0000000080000000, 0x0000000100000000)
  region size 1024K, 7 young (7168K), 7 survivors (7168K)
 Metaspace       used 116994K, committed 119232K, reserved 1179648K
  class space    used 16508K, committed 17600K, reserved 1048576K
}
Event: 13.099 GC heap before
{Heap before GC invocations=46 (full 0):
 garbage-first heap   total 276480K, used 247897K [0x0000000080000000, 0x0000000100000000)
  region size 1024K, 132 young (135168K), 7 survivors (7168K)
 Metaspace       used 122850K, committed 125184K, reserved 1179648K
  class space    used 17156K, committed 18304K, reserved 1048576K
}
Event: 13.107 GC heap after
{Heap after GC invocations=47 (full 0):
 garbage-first heap   total 276480K, used 126389K [0x0000000080000000, 0x0000000100000000)
  region size 1024K, 13 young (13312K), 13 survivors (13312K)
 Metaspace       used 122850K, committed 125184K, reserved 1179648K
  class space    used 17156K, committed 18304K, reserved 1048576K
}
Event: 13.972 GC heap before
{Heap before GC invocations=47 (full 0):
 garbage-first heap   total 276480K, used 246197K [0x0000000080000000, 0x0000000100000000)
  region size 1024K, 131 young (134144K), 13 survivors (13312K)
 Metaspace       used 131857K, committed 134208K, reserved 1179648K
  class space    used 18447K, committed 19584K, reserved 1048576K
}
Event: 13.981 GC heap after
{Heap after GC invocations=48 (full 0):
 garbage-first heap   total 276480K, used 126856K [0x0000000080000000, 0x0000000100000000)
  region size 1024K, 10 young (10240K), 10 survivors (10240K)
 Metaspace       used 131857K, committed 134208K, reserved 1179648K
  class space    used 18447K, committed 19584K, reserved 1048576K
}
Event: 15.217 GC heap before
{Heap before GC invocations=48 (full 0):
 garbage-first heap   total 276480K, used 247688K [0x0000000080000000, 0x0000000100000000)
  region size 1024K, 130 young (133120K), 10 survivors (10240K)
 Metaspace       used 143587K, committed 145984K, reserved 1179648K
  class space    used 20276K, committed 21440K, reserved 1048576K
}
Event: 15.226 GC heap after
{Heap after GC invocations=49 (full 0):
 garbage-first heap   total 276480K, used 132156K [0x0000000080000000, 0x0000000100000000)
  region size 1024K, 15 young (15360K), 15 survivors (15360K)
 Metaspace       used 143587K, committed 145984K, reserved 1179648K
  class space    used 20276K, committed 21440K, reserved 1048576K
}
Event: 29.880 GC heap before
{Heap before GC invocations=50 (full 0):
 garbage-first heap   total 276480K, used 275516K [0x0000000080000000, 0x0000000100000000)
  region size 1024K, 96 young (98304K), 15 survivors (15360K)
 Metaspace       used 146437K, committed 148864K, reserved 1179648K
  class space    used 20659K, committed 21824K, reserved 1048576K
}
Event: 29.921 GC heap after
{Heap after GC invocations=51 (full 0):
 garbage-first heap   total 295936K, used 136355K [0x0000000080000000, 0x0000000100000000)
  region size 1024K, 13 young (13312K), 13 survivors (13312K)
 Metaspace       used 146437K, committed 148864K, reserved 1179648K
  class space    used 20659K, committed 21824K, reserved 1048576K
}
Event: 57.627 GC heap before
{Heap before GC invocations=51 (full 0):
 garbage-first heap   total 295936K, used 266403K [0x0000000080000000, 0x0000000100000000)
  region size 1024K, 140 young (143360K), 13 survivors (13312K)
 Metaspace       used 147119K, committed 149504K, reserved 1179648K
  class space    used 20663K, committed 21824K, reserved 1048576K
}
Event: 57.651 GC heap after
{Heap after GC invocations=52 (full 0):
 garbage-first heap   total 295936K, used 133856K [0x0000000080000000, 0x0000000100000000)
  region size 1024K, 7 young (7168K), 7 survivors (7168K)
 Metaspace       used 147119K, committed 149504K, reserved 1179648K
  class space    used 20663K, committed 21824K, reserved 1048576K
}
Event: 72.769 GC heap before
{Heap before GC invocations=52 (full 0):
 garbage-first heap   total 295936K, used 272096K [0x0000000080000000, 0x0000000100000000)
  region size 1024K, 142 young (145408K), 7 survivors (7168K)
 Metaspace       used 147634K, committed 150080K, reserved 1179648K
  class space    used 20671K, committed 21888K, reserved 1048576K
}
Event: 72.783 GC heap after
{Heap after GC invocations=53 (full 0):
 garbage-first heap   total 295936K, used 138120K [0x0000000080000000, 0x0000000100000000)
  region size 1024K, 11 young (11264K), 11 survivors (11264K)
 Metaspace       used 147634K, committed 150080K, reserved 1179648K
  class space    used 20671K, committed 21888K, reserved 1048576K
}
Event: 89.424 GC heap before
{Heap before GC invocations=54 (full 0):
 garbage-first heap   total 295936K, used 268168K [0x0000000080000000, 0x0000000100000000)
  region size 1024K, 138 young (141312K), 11 survivors (11264K)
 Metaspace       used 147417K, committed 149888K, reserved 1179648K
  class space    used 20625K, committed 21888K, reserved 1048576K
}
Event: 89.462 GC heap after
{Heap after GC invocations=55 (full 0):
 garbage-first heap   total 295936K, used 139269K [0x0000000080000000, 0x0000000100000000)
  region size 1024K, 11 young (11264K), 11 survivors (11264K)
 Metaspace       used 147417K, committed 149888K, reserved 1179648K
  class space    used 20625K, committed 21888K, reserved 1048576K
}
Event: 132.727 GC heap before
{Heap before GC invocations=55 (full 0):
 garbage-first heap   total 295936K, used 267269K [0x0000000080000000, 0x0000000100000000)
  region size 1024K, 137 young (140288K), 11 survivors (11264K)
 Metaspace       used 147666K, committed 150144K, reserved 1179648K
  class space    used 20634K, committed 21888K, reserved 1048576K
}
Event: 132.747 GC heap after
{Heap after GC invocations=56 (full 0):
 garbage-first heap   total 295936K, used 130725K [0x0000000080000000, 0x0000000100000000)
  region size 1024K, 4 young (4096K), 4 survivors (4096K)
 Metaspace       used 147666K, committed 150144K, reserved 1179648K
  class space    used 20634K, committed 21888K, reserved 1048576K
}
Event: 134.451 GC heap before
{Heap before GC invocations=56 (full 0):
 garbage-first heap   total 295936K, used 239269K [0x0000000080000000, 0x0000000100000000)
  region size 1024K, 112 young (114688K), 4 survivors (4096K)
 Metaspace       used 151643K, committed 154048K, reserved 1245184K
  class space    used 21036K, committed 22208K, reserved 1048576K
}

