# JRE version: OpenJDK Runtime Environment (21.0.8) (build 21.0.8+-14018985-b1038.68)
# Java VM: OpenJDK 64-Bit Server VM (21.0.8+-14018985-b1038.68, mixed mode, tiered, compressed oops, compressed class ptrs, g1 gc, windows-amd64)
GC Precious Log:
 CardTable entry size: 512
 Card Set container configuration: InlinePtr #cards 5 size 8 Array Of Cards #cards 12 size 40 Howl #buckets 4 coarsen threshold 1843 Howl Bitmap #cards 512 size 80 coarsen threshold 460 Card regions per heap region 1 cards per card region 2048
 CPUs: 8 total, 8 available
 Memory: 7987M
 Large Page Support: Disabled
 NUMA Support: Disabled
 Compressed Oops: Enabled (32-bit)
 Heap Region Size: 1M
 Heap Min Capacity: 8M
 Heap Initial Capacity: 126M
 Heap Max Capacity: 2G
 Pre-touch: Disabled
 Parallel Workers: 8
 Concurrent Workers: 2
 Concurrent Refinement Workers: 8
 Periodic GC: Disabled
Heap:
 garbage-first heap   total 145408K, used 116946K [0x0000000080000000, 0x0000000100000000)
  region size 1024K, 32 young (32768K), 6 survivors (6144K)
 Metaspace       used 106315K, committed 108480K, reserved 1179648K
  class space    used 15044K, committed 16128K, reserved 1048576K
GC Heap History (20 events):
Event: 7.551 GC heap before
{Heap before GC invocations=26 (full 0):
 garbage-first heap   total 113664K, used 98773K [0x0000000080000000, 0x0000000100000000)
  region size 1024K, 36 young (36864K), 6 survivors (6144K)
 Metaspace       used 78568K, committed 80384K, reserved 1179648K
  class space    used 10909K, committed 11776K, reserved 1048576K
}
Event: 7.554 GC heap after
{Heap after GC invocations=27 (full 0):
 garbage-first heap   total 113664K, used 68608K [0x0000000080000000, 0x0000000100000000)
  region size 1024K, 1 young (1024K), 1 survivors (1024K)
 Metaspace       used 78568K, committed 80384K, reserved 1179648K
  class space    used 10909K, committed 11776K, reserved 1048576K
}
Event: 7.860 GC heap before
{Heap before GC invocations=27 (full 0):
 garbage-first heap   total 113664K, used 100352K [0x0000000080000000, 0x0000000100000000)
  region size 1024K, 33 young (33792K), 1 survivors (1024K)
 Metaspace       used 82637K, committed 84480K, reserved 1179648K
  class space    used 11511K, committed 12416K, reserved 1048576K
}
Event: 7.863 GC heap after
{Heap after GC invocations=28 (full 0):
 garbage-first heap   total 137216K, used 71081K [0x0000000080000000, 0x0000000100000000)
  region size 1024K, 4 young (4096K), 4 survivors (4096K)
 Metaspace       used 82637K, committed 84480K, reserved 1179648K
  class space    used 11511K, committed 12416K, reserved 1048576K
}
Event: 8.289 GC heap before
{Heap before GC invocations=29 (full 0):
 garbage-first heap   total 137216K, used 121257K [0x0000000080000000, 0x0000000100000000)
  region size 1024K, 49 young (50176K), 4 survivors (4096K)
 Metaspace       used 85382K, committed 87232K, reserved 1179648K
  class space    used 11898K, committed 12800K, reserved 1048576K
}
Event: 8.292 GC heap after
{Heap after GC invocations=30 (full 0):
 garbage-first heap   total 137216K, used 75862K [0x0000000080000000, 0x0000000100000000)
  region size 1024K, 7 young (7168K), 7 survivors (7168K)
 Metaspace       used 85382K, committed 87232K, reserved 1179648K
  class space    used 11898K, committed 12800K, reserved 1048576K
}
Event: 8.674 GC heap before
{Heap before GC invocations=30 (full 0):
 garbage-first heap   total 137216K, used 118870K [0x0000000080000000, 0x0000000100000000)
  region size 1024K, 49 young (50176K), 7 survivors (7168K)
 Metaspace       used 88272K, committed 90176K, reserved 1179648K
  class space    used 12268K, committed 13184K, reserved 1048576K
}
Event: 8.682 GC heap after
{Heap after GC invocations=31 (full 0):
 garbage-first heap   total 137216K, used 79881K [0x0000000080000000, 0x0000000100000000)
  region size 1024K, 5 young (5120K), 5 survivors (5120K)
 Metaspace       used 88272K, committed 90176K, reserved 1179648K
  class space    used 12268K, committed 13184K, reserved 1048576K
}
Event: 9.057 GC heap before
{Heap before GC invocations=31 (full 0):
 garbage-first heap   total 137216K, used 120841K [0x0000000080000000, 0x0000000100000000)
  region size 1024K, 45 young (46080K), 5 survivors (5120K)
 Metaspace       used 90956K, committed 92864K, reserved 1179648K
  class space    used 12648K, committed 13568K, reserved 1048576K
}
Event: 9.061 GC heap after
{Heap after GC invocations=32 (full 0):
 garbage-first heap   total 137216K, used 81464K [0x0000000080000000, 0x0000000100000000)
  region size 1024K, 4 young (4096K), 4 survivors (4096K)
 Metaspace       used 90956K, committed 92864K, reserved 1179648K
  class space    used 12648K, committed 13568K, reserved 1048576K
}
Event: 9.472 GC heap before
{Heap before GC invocations=33 (full 0):
 garbage-first heap   total 138240K, used 122424K [0x0000000080000000, 0x0000000100000000)
  region size 1024K, 44 young (45056K), 4 survivors (4096K)
 Metaspace       used 94244K, committed 96192K, reserved 1179648K
  class space    used 13227K, committed 14144K, reserved 1048576K
}
Event: 9.474 GC heap after
{Heap after GC invocations=34 (full 0):
 garbage-first heap   total 138240K, used 82556K [0x0000000080000000, 0x0000000100000000)
  region size 1024K, 2 young (2048K), 2 survivors (2048K)
 Metaspace       used 94244K, committed 96192K, reserved 1179648K
  class space    used 13227K, committed 14144K, reserved 1048576K
}
Event: 9.899 GC heap before
{Heap before GC invocations=34 (full 0):
 garbage-first heap   total 138240K, used 124540K [0x0000000080000000, 0x0000000100000000)
  region size 1024K, 43 young (44032K), 2 survivors (2048K)
 Metaspace       used 97487K, committed 99520K, reserved 1179648K
  class space    used 13738K, committed 14720K, reserved 1048576K
}
Event: 9.903 GC heap after
{Heap after GC invocations=35 (full 0):
 garbage-first heap   total 138240K, used 83170K [0x0000000080000000, 0x0000000100000000)
  region size 1024K, 4 young (4096K), 4 survivors (4096K)
 Metaspace       used 97487K, committed 99520K, reserved 1179648K
  class space    used 13738K, committed 14720K, reserved 1048576K
}
Event: 10.355 GC heap before
{Heap before GC invocations=35 (full 0):
 garbage-first heap   total 138240K, used 125154K [0x0000000080000000, 0x0000000100000000)
  region size 1024K, 45 young (46080K), 4 survivors (4096K)
 Metaspace       used 100930K, committed 103040K, reserved 1179648K
  class space    used 14259K, committed 15296K, reserved 1048576K
}
Event: 10.360 GC heap after
{Heap after GC invocations=36 (full 0):
 garbage-first heap   total 138240K, used 85703K [0x0000000080000000, 0x0000000100000000)
  region size 1024K, 5 young (5120K), 5 survivors (5120K)
 Metaspace       used 100930K, committed 103040K, reserved 1179648K
  class space    used 14259K, committed 15296K, reserved 1048576K
}
Event: 10.786 GC heap before
{Heap before GC invocations=37 (full 0):
 garbage-first heap   total 145408K, used 123591K [0x0000000080000000, 0x0000000100000000)
  region size 1024K, 42 young (43008K), 5 survivors (5120K)
 Metaspace       used 104470K, committed 106624K, reserved 1179648K
  class space    used 14802K, committed 15872K, reserved 1048576K
}
Event: 10.791 GC heap after
{Heap after GC invocations=38 (full 0):
 garbage-first heap   total 145408K, used 88008K [0x0000000080000000, 0x0000000100000000)
  region size 1024K, 5 young (5120K), 5 survivors (5120K)
 Metaspace       used 104470K, committed 106624K, reserved 1179648K
  class space    used 14802K, committed 15872K, reserved 1048576K
}
Event: 11.202 GC heap before
{Heap before GC invocations=38 (full 0):
 garbage-first heap   total 145408K, used 131016K [0x0000000080000000, 0x0000000100000000)
  region size 1024K, 47 young (48128K), 5 survivors (5120K)
 Metaspace       used 105928K, committed 108096K, reserved 1179648K
  class space    used 15010K, committed 16064K, reserved 1048576K
}
Event: 11.209 GC heap after
{Heap after GC invocations=39 (full 0):
 garbage-first heap   total 145408K, used 91346K [0x0000000080000000, 0x0000000100000000)
  region size 1024K, 6 young (6144K), 6 survivors (6144K)
 Metaspace       used 105928K, committed 108096K, reserved 1179648K
  class space    used 15010K, committed 16064K, reserved 1048576K
}

